[debug] [2019-08-01T10:31:52.951Z] ----------------------------------------------------------------------
[debug] [2019-08-01T10:31:52.954Z] Command:       D:\Program Files\nodejs\node.exe C:\Users\Mellisa\AppData\Roaming\npm\node_modules\firebase-tools\lib\bin\firebase.js serve
[debug] [2019-08-01T10:31:52.954Z] CLI Version:   7.2.2
[debug] [2019-08-01T10:31:52.954Z] Platform:      win32
[debug] [2019-08-01T10:31:52.954Z] Node Version:  v10.15.3
[debug] [2019-08-01T10:31:52.956Z] Time:          Thu Aug 01 2019 11:31:52 GMT+0100 (British Summer Time)
[debug] [2019-08-01T10:31:52.956Z] ----------------------------------------------------------------------
[debug] 
[debug] [2019-08-01T10:31:52.965Z] > command requires scopes: ["email","openid","https://www.googleapis.com/auth/cloudplatformprojects.readonly","https://www.googleapis.com/auth/firebase","https://www.googleapis.com/auth/cloud-platform"]
[debug] [2019-08-01T10:31:52.965Z] > authorizing via signed-in user
[debug] [2019-08-01T10:31:52.966Z] [iam] checking project chirpy-1dcff for permissions ["firebase.projects.get"]
[debug] [2019-08-01T10:31:52.967Z] >>> HTTP REQUEST POST https://cloudresourcemanager.googleapis.com/v1/projects/chirpy-1dcff:testIamPermissions  

[debug] [2019-08-01T10:31:53.717Z] <<< HTTP RESPONSE 200
[debug] [2019-08-01T10:31:53.721Z] >>> HTTP REQUEST GET https://firebase.googleapis.com/v1beta1/projects/chirpy-1dcff  
 
[debug] [2019-08-01T10:31:53.964Z] <<< HTTP RESPONSE 200
[info] 
[info] === Serving from 'd:\Users\Mellisa\Desktop\Work\Chirp'...
[info] 
[warn] !  Your requested "node" version "8" doesn't match your global version "10"
[debug] [2019-08-01T10:31:54.012Z] >>> HTTP REQUEST GET https://firebase.googleapis.com/v1beta1/projects/chirpy-1dcff/adminSdkConfig  
 
[debug] [2019-08-01T10:31:54.167Z] <<< HTTP RESPONSE 200
[info] +  functions: Emulator started at http://localhost:5000
[info] i  functions: Watching "d:\Users\Mellisa\Desktop\Work\Chirp\functions" for Cloud Functions...
[debug] [2019-08-01T10:31:55.083Z] [runtime-status] Functions runtime initialized. {"cwd":"d:\\Users\\Mellisa\\Desktop\\Work\\Chirp\\functions","node_version":"10.15.3"}
[debug] [2019-08-01T10:31:55.083Z] [runtime-status] Disabled runtime features: {"functions_config_helper":true,"network_filtering":true,"timeout":true,"memory_limiting":true,"admin_stubs":true} {}
[debug] [2019-08-01T10:31:55.088Z] [runtime-status] Resolved module firebase-admin {"declared":true,"installed":true,"version":"8.3.0","resolution":"d:\\Users\\Mellisa\\Desktop\\Work\\Chirp\\functions\\node_modules\\firebase-admin\\lib\\index.js"}
[debug] [2019-08-01T10:31:55.089Z] [runtime-status] Resolved module firebase-functions {"declared":true,"installed":true,"version":"3.2.0","resolution":"d:\\Users\\Mellisa\\Desktop\\Work\\Chirp\\functions\\node_modules\\firebase-functions\\lib\\index.js"}
[debug] [2019-08-01T10:31:55.090Z] [runtime-status] Resolved module firebase-functions {"declared":true,"installed":true,"version":"3.2.0","resolution":"d:\\Users\\Mellisa\\Desktop\\Work\\Chirp\\functions\\node_modules\\firebase-functions\\lib\\index.js"}
[info] +  functions[api]: http function initialized (http://localhost:5000/chirpy-1dcff/europe-west1/api).
